[0.615s] Invoking command in '/home/ubuntu/python_ws/src/cv_basics': PYTHONPATH=/home/ubuntu/python_ws/build/cv_basics/prefix_override:/home/ubuntu/python_ws/install/cv_basics/lib/python3.10/site-packages:${PYTHONPATH} /usr/bin/python3 setup.py egg_info --egg-base ../../build/cv_basics build --build-base /home/ubuntu/python_ws/build/cv_basics/build install --record /home/ubuntu/python_ws/build/cv_basics/install.log --single-version-externally-managed
[0.786s] running egg_info
[0.786s] creating ../../build/cv_basics/cv_basics.egg-info
[0.786s] writing ../../build/cv_basics/cv_basics.egg-info/PKG-INFO
[0.786s] writing dependency_links to ../../build/cv_basics/cv_basics.egg-info/dependency_links.txt
[0.786s] writing entry points to ../../build/cv_basics/cv_basics.egg-info/entry_points.txt
[0.787s] writing requirements to ../../build/cv_basics/cv_basics.egg-info/requires.txt
[0.787s] writing top-level names to ../../build/cv_basics/cv_basics.egg-info/top_level.txt
[0.787s] writing manifest file '../../build/cv_basics/cv_basics.egg-info/SOURCES.txt'
[0.788s] reading manifest file '../../build/cv_basics/cv_basics.egg-info/SOURCES.txt'
[0.789s] writing manifest file '../../build/cv_basics/cv_basics.egg-info/SOURCES.txt'
[0.789s] running build
[0.789s] running build_py
[0.789s] creating /home/ubuntu/python_ws/build/cv_basics/build
[0.789s] creating /home/ubuntu/python_ws/build/cv_basics/build/lib
[0.789s] creating /home/ubuntu/python_ws/build/cv_basics/build/lib/cv_basics
[0.789s] copying cv_basics/webcam_pub.py -> /home/ubuntu/python_ws/build/cv_basics/build/lib/cv_basics
[0.789s] copying cv_basics/webcam_sub.py -> /home/ubuntu/python_ws/build/cv_basics/build/lib/cv_basics
[0.789s] copying cv_basics/__init__.py -> /home/ubuntu/python_ws/build/cv_basics/build/lib/cv_basics
[0.789s] running install
[0.789s] running install_lib
[0.790s] creating /home/ubuntu/python_ws/install/cv_basics/lib/python3.10/site-packages/cv_basics
[0.790s] copying /home/ubuntu/python_ws/build/cv_basics/build/lib/cv_basics/webcam_pub.py -> /home/ubuntu/python_ws/install/cv_basics/lib/python3.10/site-packages/cv_basics
[0.790s] copying /home/ubuntu/python_ws/build/cv_basics/build/lib/cv_basics/webcam_sub.py -> /home/ubuntu/python_ws/install/cv_basics/lib/python3.10/site-packages/cv_basics
[0.790s] copying /home/ubuntu/python_ws/build/cv_basics/build/lib/cv_basics/__init__.py -> /home/ubuntu/python_ws/install/cv_basics/lib/python3.10/site-packages/cv_basics
[0.791s] byte-compiling /home/ubuntu/python_ws/install/cv_basics/lib/python3.10/site-packages/cv_basics/webcam_pub.py to webcam_pub.cpython-310.pyc
[0.792s] byte-compiling /home/ubuntu/python_ws/install/cv_basics/lib/python3.10/site-packages/cv_basics/webcam_sub.py to webcam_sub.cpython-310.pyc
[0.792s] byte-compiling /home/ubuntu/python_ws/install/cv_basics/lib/python3.10/site-packages/cv_basics/__init__.py to __init__.cpython-310.pyc
[0.792s] running install_data
[0.793s] creating /home/ubuntu/python_ws/install/cv_basics/share/ament_index
[0.793s] creating /home/ubuntu/python_ws/install/cv_basics/share/ament_index/resource_index
[0.793s] creating /home/ubuntu/python_ws/install/cv_basics/share/ament_index/resource_index/packages
[0.793s] copying resource/cv_basics -> /home/ubuntu/python_ws/install/cv_basics/share/ament_index/resource_index/packages
[0.793s] copying package.xml -> /home/ubuntu/python_ws/install/cv_basics/share/cv_basics
[0.793s] running install_egg_info
[0.795s] Copying ../../build/cv_basics/cv_basics.egg-info to /home/ubuntu/python_ws/install/cv_basics/lib/python3.10/site-packages/cv_basics-0.0.0-py3.10.egg-info
[0.795s] running install_scripts
[0.808s] Installing img_publisher script to /home/ubuntu/python_ws/install/cv_basics/lib/cv_basics
[0.808s] Installing img_subscriber script to /home/ubuntu/python_ws/install/cv_basics/lib/cv_basics
[0.808s] writing list of installed files to '/home/ubuntu/python_ws/build/cv_basics/install.log'
[0.824s] Invoked command in '/home/ubuntu/python_ws/src/cv_basics' returned '0': PYTHONPATH=/home/ubuntu/python_ws/build/cv_basics/prefix_override:/home/ubuntu/python_ws/install/cv_basics/lib/python3.10/site-packages:${PYTHONPATH} /usr/bin/python3 setup.py egg_info --egg-base ../../build/cv_basics build --build-base /home/ubuntu/python_ws/build/cv_basics/build install --record /home/ubuntu/python_ws/build/cv_basics/install.log --single-version-externally-managed
